

Started GET "/" for 127.0.0.1 at 2014-09-26 01:33:47 +0200

ActiveRecord::PendingMigrationError (

Migrations are pending. To resolve this issue, run:

	bin/rake db:migrate RAILS_ENV=development

):
  activerecord (4.1.6) lib/active_record/migration.rb:389:in `check_pending!'
  activerecord (4.1.6) lib/active_record/migration.rb:377:in `call'
  actionpack (4.1.6) lib/action_dispatch/middleware/callbacks.rb:29:in `block in call'
  activesupport (4.1.6) lib/active_support/callbacks.rb:82:in `run_callbacks'
  actionpack (4.1.6) lib/action_dispatch/middleware/callbacks.rb:27:in `call'
  actionpack (4.1.6) lib/action_dispatch/middleware/reloader.rb:73:in `call'
  actionpack (4.1.6) lib/action_dispatch/middleware/remote_ip.rb:76:in `call'
  actionpack (4.1.6) lib/action_dispatch/middleware/debug_exceptions.rb:17:in `call'
  actionpack (4.1.6) lib/action_dispatch/middleware/show_exceptions.rb:30:in `call'
  railties (4.1.6) lib/rails/rack/logger.rb:38:in `call_app'
  railties (4.1.6) lib/rails/rack/logger.rb:20:in `block in call'
  activesupport (4.1.6) lib/active_support/tagged_logging.rb:68:in `block in tagged'
  activesupport (4.1.6) lib/active_support/tagged_logging.rb:26:in `tagged'
  activesupport (4.1.6) lib/active_support/tagged_logging.rb:68:in `tagged'
  railties (4.1.6) lib/rails/rack/logger.rb:20:in `call'
  actionpack (4.1.6) lib/action_dispatch/middleware/request_id.rb:21:in `call'
  rack (1.5.2) lib/rack/methodoverride.rb:21:in `call'
  rack (1.5.2) lib/rack/runtime.rb:17:in `call'
  activesupport (4.1.6) lib/active_support/cache/strategy/local_cache_middleware.rb:26:in `call'
  rack (1.5.2) lib/rack/lock.rb:17:in `call'
  actionpack (4.1.6) lib/action_dispatch/middleware/static.rb:64:in `call'
  rack (1.5.2) lib/rack/sendfile.rb:112:in `call'
  railties (4.1.6) lib/rails/engine.rb:514:in `call'
  railties (4.1.6) lib/rails/application.rb:144:in `call'
  rack (1.5.2) lib/rack/lock.rb:17:in `call'
  rack (1.5.2) lib/rack/content_length.rb:14:in `call'
  rack (1.5.2) lib/rack/handler/webrick.rb:60:in `service'
  /home/remi/.rvm/rubies/ruby-2.0.0-p451/lib/ruby/2.0.0/webrick/httpserver.rb:138:in `service'
  /home/remi/.rvm/rubies/ruby-2.0.0-p451/lib/ruby/2.0.0/webrick/httpserver.rb:94:in `run'
  /home/remi/.rvm/rubies/ruby-2.0.0-p451/lib/ruby/2.0.0/webrick/server.rb:295:in `block in start_thread'


  Rendered /home/remi/.rvm/gems/ruby-2.0.0-p451/gems/actionpack-4.1.6/lib/action_dispatch/middleware/templates/rescues/_source.erb (1.0ms)
  Rendered /home/remi/.rvm/gems/ruby-2.0.0-p451/gems/actionpack-4.1.6/lib/action_dispatch/middleware/templates/rescues/_trace.html.erb (1.1ms)
  Rendered /home/remi/.rvm/gems/ruby-2.0.0-p451/gems/actionpack-4.1.6/lib/action_dispatch/middleware/templates/rescues/_request_and_response.html.erb (1.1ms)
  Rendered /home/remi/.rvm/gems/ruby-2.0.0-p451/gems/actionpack-4.1.6/lib/action_dispatch/middleware/templates/rescues/diagnostics.erb within rescues/layout (15.9ms)


Started GET "/" for 127.0.0.1 at 2014-09-26 01:34:34 +0200

ActiveRecord::PendingMigrationError (

Migrations are pending. To resolve this issue, run:

	bin/rake db:migrate RAILS_ENV=development

):
  activerecord (4.1.6) lib/active_record/migration.rb:389:in `check_pending!'
  activerecord (4.1.6) lib/active_record/migration.rb:377:in `call'
  actionpack (4.1.6) lib/action_dispatch/middleware/callbacks.rb:29:in `block in call'
  activesupport (4.1.6) lib/active_support/callbacks.rb:82:in `run_callbacks'
  actionpack (4.1.6) lib/action_dispatch/middleware/callbacks.rb:27:in `call'
  actionpack (4.1.6) lib/action_dispatch/middleware/reloader.rb:73:in `call'
  actionpack (4.1.6) lib/action_dispatch/middleware/remote_ip.rb:76:in `call'
  actionpack (4.1.6) lib/action_dispatch/middleware/debug_exceptions.rb:17:in `call'
  actionpack (4.1.6) lib/action_dispatch/middleware/show_exceptions.rb:30:in `call'
  railties (4.1.6) lib/rails/rack/logger.rb:38:in `call_app'
  railties (4.1.6) lib/rails/rack/logger.rb:20:in `block in call'
  activesupport (4.1.6) lib/active_support/tagged_logging.rb:68:in `block in tagged'
  activesupport (4.1.6) lib/active_support/tagged_logging.rb:26:in `tagged'
  activesupport (4.1.6) lib/active_support/tagged_logging.rb:68:in `tagged'
  railties (4.1.6) lib/rails/rack/logger.rb:20:in `call'
  actionpack (4.1.6) lib/action_dispatch/middleware/request_id.rb:21:in `call'
  rack (1.5.2) lib/rack/methodoverride.rb:21:in `call'
  rack (1.5.2) lib/rack/runtime.rb:17:in `call'
  activesupport (4.1.6) lib/active_support/cache/strategy/local_cache_middleware.rb:26:in `call'
  rack (1.5.2) lib/rack/lock.rb:17:in `call'
  actionpack (4.1.6) lib/action_dispatch/middleware/static.rb:64:in `call'
  rack (1.5.2) lib/rack/sendfile.rb:112:in `call'
  railties (4.1.6) lib/rails/engine.rb:514:in `call'
  railties (4.1.6) lib/rails/application.rb:144:in `call'
  rack (1.5.2) lib/rack/lock.rb:17:in `call'
  rack (1.5.2) lib/rack/content_length.rb:14:in `call'
  rack (1.5.2) lib/rack/handler/webrick.rb:60:in `service'
  /home/remi/.rvm/rubies/ruby-2.0.0-p451/lib/ruby/2.0.0/webrick/httpserver.rb:138:in `service'
  /home/remi/.rvm/rubies/ruby-2.0.0-p451/lib/ruby/2.0.0/webrick/httpserver.rb:94:in `run'
  /home/remi/.rvm/rubies/ruby-2.0.0-p451/lib/ruby/2.0.0/webrick/server.rb:295:in `block in start_thread'


  Rendered /home/remi/.rvm/gems/ruby-2.0.0-p451/gems/actionpack-4.1.6/lib/action_dispatch/middleware/templates/rescues/_source.erb (0.6ms)
  Rendered /home/remi/.rvm/gems/ruby-2.0.0-p451/gems/actionpack-4.1.6/lib/action_dispatch/middleware/templates/rescues/_trace.html.erb (1.1ms)
  Rendered /home/remi/.rvm/gems/ruby-2.0.0-p451/gems/actionpack-4.1.6/lib/action_dispatch/middleware/templates/rescues/_request_and_response.html.erb (0.8ms)
  Rendered /home/remi/.rvm/gems/ruby-2.0.0-p451/gems/actionpack-4.1.6/lib/action_dispatch/middleware/templates/rescues/diagnostics.erb within rescues/layout (14.4ms)


Started GET "/" for 127.0.0.1 at 2014-09-26 01:34:39 +0200

ActiveRecord::PendingMigrationError (

Migrations are pending. To resolve this issue, run:

	bin/rake db:migrate RAILS_ENV=development

):
  activerecord (4.1.6) lib/active_record/migration.rb:389:in `check_pending!'
  activerecord (4.1.6) lib/active_record/migration.rb:377:in `call'
  actionpack (4.1.6) lib/action_dispatch/middleware/callbacks.rb:29:in `block in call'
  activesupport (4.1.6) lib/active_support/callbacks.rb:82:in `run_callbacks'
  actionpack (4.1.6) lib/action_dispatch/middleware/callbacks.rb:27:in `call'
  actionpack (4.1.6) lib/action_dispatch/middleware/reloader.rb:73:in `call'
  actionpack (4.1.6) lib/action_dispatch/middleware/remote_ip.rb:76:in `call'
  actionpack (4.1.6) lib/action_dispatch/middleware/debug_exceptions.rb:17:in `call'
  actionpack (4.1.6) lib/action_dispatch/middleware/show_exceptions.rb:30:in `call'
  railties (4.1.6) lib/rails/rack/logger.rb:38:in `call_app'
  railties (4.1.6) lib/rails/rack/logger.rb:20:in `block in call'
  activesupport (4.1.6) lib/active_support/tagged_logging.rb:68:in `block in tagged'
  activesupport (4.1.6) lib/active_support/tagged_logging.rb:26:in `tagged'
  activesupport (4.1.6) lib/active_support/tagged_logging.rb:68:in `tagged'
  railties (4.1.6) lib/rails/rack/logger.rb:20:in `call'
  actionpack (4.1.6) lib/action_dispatch/middleware/request_id.rb:21:in `call'
  rack (1.5.2) lib/rack/methodoverride.rb:21:in `call'
  rack (1.5.2) lib/rack/runtime.rb:17:in `call'
  activesupport (4.1.6) lib/active_support/cache/strategy/local_cache_middleware.rb:26:in `call'
  rack (1.5.2) lib/rack/lock.rb:17:in `call'
  actionpack (4.1.6) lib/action_dispatch/middleware/static.rb:64:in `call'
  rack (1.5.2) lib/rack/sendfile.rb:112:in `call'
  railties (4.1.6) lib/rails/engine.rb:514:in `call'
  railties (4.1.6) lib/rails/application.rb:144:in `call'
  rack (1.5.2) lib/rack/lock.rb:17:in `call'
  rack (1.5.2) lib/rack/content_length.rb:14:in `call'
  rack (1.5.2) lib/rack/handler/webrick.rb:60:in `service'
  /home/remi/.rvm/rubies/ruby-2.0.0-p451/lib/ruby/2.0.0/webrick/httpserver.rb:138:in `service'
  /home/remi/.rvm/rubies/ruby-2.0.0-p451/lib/ruby/2.0.0/webrick/httpserver.rb:94:in `run'
  /home/remi/.rvm/rubies/ruby-2.0.0-p451/lib/ruby/2.0.0/webrick/server.rb:295:in `block in start_thread'


  Rendered /home/remi/.rvm/gems/ruby-2.0.0-p451/gems/actionpack-4.1.6/lib/action_dispatch/middleware/templates/rescues/_source.erb (0.7ms)
  Rendered /home/remi/.rvm/gems/ruby-2.0.0-p451/gems/actionpack-4.1.6/lib/action_dispatch/middleware/templates/rescues/_trace.html.erb (1.4ms)
  Rendered /home/remi/.rvm/gems/ruby-2.0.0-p451/gems/actionpack-4.1.6/lib/action_dispatch/middleware/templates/rescues/_request_and_response.html.erb (1.1ms)
  Rendered /home/remi/.rvm/gems/ruby-2.0.0-p451/gems/actionpack-4.1.6/lib/action_dispatch/middleware/templates/rescues/diagnostics.erb within rescues/layout (38.2ms)
  [1m[36m (3.8ms)[0m  [1mCREATE TABLE "schema_migrations" ("version" varchar(255) NOT NULL) [0m
  [1m[35m (0.1ms)[0m  select sqlite_version(*)
  [1m[36m (1.7ms)[0m  [1mCREATE UNIQUE INDEX "unique_schema_migrations" ON "schema_migrations" ("version")[0m
  [1m[35mActiveRecord::SchemaMigration Load (0.1ms)[0m  SELECT "schema_migrations".* FROM "schema_migrations"
Migrating to CreateUsers (20140925223428)
  [1m[36m (0.1ms)[0m  [1mbegin transaction[0m
  [1m[35m (0.8ms)[0m  CREATE TABLE "users" ("id" INTEGER PRIMARY KEY AUTOINCREMENT NOT NULL, "name" varchar(255), "nickname" varchar(255), "created_at" datetime, "updated_at" datetime) 
  [1m[36mSQL (0.3ms)[0m  [1mINSERT INTO "schema_migrations" ("version") VALUES (?)[0m  [["version", "20140925223428"]]
  [1m[35m (2.7ms)[0m  commit transaction
Migrating to CreatePosts (20140925223458)
  [1m[36m (0.1ms)[0m  [1mbegin transaction[0m
  [1m[35m (0.4ms)[0m  CREATE TABLE "posts" ("id" INTEGER PRIMARY KEY AUTOINCREMENT NOT NULL, "user" varchar(255), "message" varchar(255), "created_at" datetime, "updated_at" datetime) 
  [1m[36mSQL (0.1ms)[0m  [1mINSERT INTO "schema_migrations" ("version") VALUES (?)[0m  [["version", "20140925223458"]]
  [1m[35m (2.2ms)[0m  commit transaction
  [1m[36mActiveRecord::SchemaMigration Load (0.1ms)[0m  [1mSELECT "schema_migrations".* FROM "schema_migrations"[0m


Started GET "/" for 127.0.0.1 at 2014-09-26 01:35:12 +0200
  [1m[36mActiveRecord::SchemaMigration Load (0.1ms)[0m  [1mSELECT "schema_migrations".* FROM "schema_migrations"[0m
Processing by HomeController#index as HTML
  Rendered home/index.html.erb within layouts/application (1.8ms)
Completed 200 OK in 904ms (Views: 895.0ms | ActiveRecord: 0.0ms)


Started GET "/assets/home.css?body=1" for 127.0.0.1 at 2014-09-26 01:35:14 +0200


Started GET "/assets/scaffolds.css?body=1" for 127.0.0.1 at 2014-09-26 01:35:14 +0200


Started GET "/assets/posts.css?body=1" for 127.0.0.1 at 2014-09-26 01:35:14 +0200


Started GET "/assets/users.css?body=1" for 127.0.0.1 at 2014-09-26 01:35:14 +0200


Started GET "/assets/home.js?body=1" for 127.0.0.1 at 2014-09-26 01:35:14 +0200


Started GET "/assets/application.css?body=1" for 127.0.0.1 at 2014-09-26 01:35:14 +0200


Started GET "/assets/posts.js?body=1" for 127.0.0.1 at 2014-09-26 01:35:14 +0200


Started GET "/assets/turbolinks.js?body=1" for 127.0.0.1 at 2014-09-26 01:35:14 +0200


Started GET "/assets/jquery.js?body=1" for 127.0.0.1 at 2014-09-26 01:35:14 +0200


Started GET "/assets/jquery_ujs.js?body=1" for 127.0.0.1 at 2014-09-26 01:35:14 +0200


Started GET "/assets/users.js?body=1" for 127.0.0.1 at 2014-09-26 01:35:14 +0200


Started GET "/assets/application.js?body=1" for 127.0.0.1 at 2014-09-26 01:35:14 +0200


Started GET "/" for 127.0.0.1 at 2014-09-26 01:36:17 +0200
  [1m[36mActiveRecord::SchemaMigration Load (0.2ms)[0m  [1mSELECT "schema_migrations".* FROM "schema_migrations"[0m
Processing by HomeController#index as HTML
  Rendered home/index.html.erb within layouts/application (1.5ms)
Completed 200 OK in 138ms (Views: 128.6ms | ActiveRecord: 0.0ms)


Started GET "/assets/home.css?body=1" for 127.0.0.1 at 2014-09-26 01:36:17 +0200


Started GET "/assets/scaffolds.css?body=1" for 127.0.0.1 at 2014-09-26 01:36:17 +0200


Started GET "/assets/posts.css?body=1" for 127.0.0.1 at 2014-09-26 01:36:17 +0200


Started GET "/assets/users.css?body=1" for 127.0.0.1 at 2014-09-26 01:36:17 +0200


Started GET "/assets/application.css?body=1" for 127.0.0.1 at 2014-09-26 01:36:17 +0200


Started GET "/assets/jquery_ujs.js?body=1" for 127.0.0.1 at 2014-09-26 01:36:17 +0200


Started GET "/assets/jquery.js?body=1" for 127.0.0.1 at 2014-09-26 01:36:17 +0200


Started GET "/assets/posts.js?body=1" for 127.0.0.1 at 2014-09-26 01:36:17 +0200


Started GET "/assets/home.js?body=1" for 127.0.0.1 at 2014-09-26 01:36:17 +0200


Started GET "/assets/turbolinks.js?body=1" for 127.0.0.1 at 2014-09-26 01:36:17 +0200


Started GET "/assets/users.js?body=1" for 127.0.0.1 at 2014-09-26 01:36:17 +0200


Started GET "/assets/application.js?body=1" for 127.0.0.1 at 2014-09-26 01:36:17 +0200


Started GET "/posts" for 127.0.0.1 at 2014-09-26 01:36:19 +0200
Processing by PostsController#index as HTML
  [1m[35mPost Load (0.2ms)[0m  SELECT "posts".* FROM "posts"
  Rendered posts/index.html.erb within layouts/application (2.0ms)
Completed 200 OK in 74ms (Views: 71.2ms | ActiveRecord: 0.2ms)


Started GET "/posts/new" for 127.0.0.1 at 2014-09-26 01:36:22 +0200
Processing by PostsController#new as HTML
  Rendered posts/_form.html.erb (58.4ms)
  Rendered posts/new.html.erb within layouts/application (64.4ms)
Completed 200 OK in 118ms (Views: 115.7ms | ActiveRecord: 0.4ms)


Started POST "/posts" for 127.0.0.1 at 2014-09-26 01:36:23 +0200
Processing by PostsController#create as HTML
  Parameters: {"utf8"=>"✓", "authenticity_token"=>"TG7jzXId9yKOST/P9uh4ePTXgo8yrYd5UUNHGwQbNnQ=", "post"=>{"user"=>"", "message"=>""}, "commit"=>"Create Post"}
  [1m[36m (0.1ms)[0m  [1mbegin transaction[0m
  [1m[35m (0.1ms)[0m  rollback transaction
  Rendered posts/_form.html.erb (9.5ms)
  Rendered posts/new.html.erb within layouts/application (11.5ms)
Completed 200 OK in 110ms (Views: 105.0ms | ActiveRecord: 0.2ms)


Started GET "/assets/home.css?body=1" for 127.0.0.1 at 2014-09-26 01:36:24 +0200


Started GET "/assets/posts.css?body=1" for 127.0.0.1 at 2014-09-26 01:36:24 +0200


Started GET "/assets/scaffolds.css?body=1" for 127.0.0.1 at 2014-09-26 01:36:24 +0200


Started GET "/assets/application.css?body=1" for 127.0.0.1 at 2014-09-26 01:36:24 +0200


Started GET "/assets/users.css?body=1" for 127.0.0.1 at 2014-09-26 01:36:24 +0200


Started GET "/assets/jquery.js?body=1" for 127.0.0.1 at 2014-09-26 01:36:24 +0200


Started GET "/assets/jquery_ujs.js?body=1" for 127.0.0.1 at 2014-09-26 01:36:24 +0200


Started GET "/assets/home.js?body=1" for 127.0.0.1 at 2014-09-26 01:36:24 +0200


Started GET "/assets/turbolinks.js?body=1" for 127.0.0.1 at 2014-09-26 01:36:24 +0200


Started GET "/assets/posts.js?body=1" for 127.0.0.1 at 2014-09-26 01:36:24 +0200


Started GET "/assets/users.js?body=1" for 127.0.0.1 at 2014-09-26 01:36:24 +0200


Started GET "/assets/application.js?body=1" for 127.0.0.1 at 2014-09-26 01:36:24 +0200


Started POST "/posts" for 127.0.0.1 at 2014-09-26 01:36:46 +0200
Processing by PostsController#create as HTML
  Parameters: {"utf8"=>"✓", "authenticity_token"=>"TG7jzXId9yKOST/P9uh4ePTXgo8yrYd5UUNHGwQbNnQ=", "post"=>{"user"=>"Rémi", "message"=>"totolapute"}, "commit"=>"Create Post"}
  [1m[36m (0.2ms)[0m  [1mbegin transaction[0m
  [1m[35mSQL (0.6ms)[0m  INSERT INTO "posts" ("created_at", "message", "updated_at", "user") VALUES (?, ?, ?, ?)  [["created_at", "2014-09-25 23:36:46.172529"], ["message", "totolapute"], ["updated_at", "2014-09-25 23:36:46.172529"], ["user", "Rémi"]]
  [1m[36m (10.7ms)[0m  [1mcommit transaction[0m
Redirected to http://localhost:3000/posts/1
Completed 302 Found in 22ms (ActiveRecord: 11.5ms)


Started GET "/posts/1" for 127.0.0.1 at 2014-09-26 01:36:46 +0200
Processing by PostsController#show as HTML
  Parameters: {"id"=>"1"}
  [1m[35mPost Load (0.2ms)[0m  SELECT  "posts".* FROM "posts"  WHERE "posts"."id" = ? LIMIT 1  [["id", 1]]
  Rendered posts/show.html.erb within layouts/application (1.3ms)
Completed 200 OK in 105ms (Views: 101.6ms | ActiveRecord: 0.2ms)


Started GET "/assets/home.css?body=1" for 127.0.0.1 at 2014-09-26 01:36:46 +0200


Started GET "/assets/posts.css?body=1" for 127.0.0.1 at 2014-09-26 01:36:46 +0200


Started GET "/assets/scaffolds.css?body=1" for 127.0.0.1 at 2014-09-26 01:36:46 +0200


Started GET "/assets/users.css?body=1" for 127.0.0.1 at 2014-09-26 01:36:46 +0200


Started GET "/assets/application.css?body=1" for 127.0.0.1 at 2014-09-26 01:36:46 +0200


Started GET "/assets/jquery.js?body=1" for 127.0.0.1 at 2014-09-26 01:36:46 +0200


Started GET "/assets/turbolinks.js?body=1" for 127.0.0.1 at 2014-09-26 01:36:46 +0200


Started GET "/assets/home.js?body=1" for 127.0.0.1 at 2014-09-26 01:36:46 +0200


Started GET "/assets/jquery_ujs.js?body=1" for 127.0.0.1 at 2014-09-26 01:36:46 +0200


Started GET "/assets/users.js?body=1" for 127.0.0.1 at 2014-09-26 01:36:46 +0200


Started GET "/assets/posts.js?body=1" for 127.0.0.1 at 2014-09-26 01:36:46 +0200


Started GET "/assets/application.js?body=1" for 127.0.0.1 at 2014-09-26 01:36:46 +0200


Started GET "/" for 127.0.0.1 at 2014-09-26 01:39:04 +0200
  [1m[36mActiveRecord::SchemaMigration Load (0.1ms)[0m  [1mSELECT "schema_migrations".* FROM "schema_migrations"[0m
Processing by HomeController#index as HTML
  Rendered home/index.html.erb within layouts/application (1.5ms)
Completed 200 OK in 154ms (Views: 146.1ms | ActiveRecord: 0.0ms)


Started GET "/assets/home.css?body=1" for 127.0.0.1 at 2014-09-26 01:39:05 +0200


Started GET "/assets/posts.css?body=1" for 127.0.0.1 at 2014-09-26 01:39:05 +0200


Started GET "/assets/scaffolds.css?body=1" for 127.0.0.1 at 2014-09-26 01:39:05 +0200


Started GET "/assets/users.css?body=1" for 127.0.0.1 at 2014-09-26 01:39:05 +0200


Started GET "/assets/jquery_ujs.js?body=1" for 127.0.0.1 at 2014-09-26 01:39:05 +0200


Started GET "/assets/application.css?body=1" for 127.0.0.1 at 2014-09-26 01:39:05 +0200


Started GET "/assets/jquery.js?body=1" for 127.0.0.1 at 2014-09-26 01:39:05 +0200


Started GET "/assets/turbolinks.js?body=1" for 127.0.0.1 at 2014-09-26 01:39:05 +0200


Started GET "/assets/posts.js?body=1" for 127.0.0.1 at 2014-09-26 01:39:05 +0200


Started GET "/assets/home.js?body=1" for 127.0.0.1 at 2014-09-26 01:39:05 +0200


Started GET "/assets/users.js?body=1" for 127.0.0.1 at 2014-09-26 01:39:05 +0200


Started GET "/assets/application.js?body=1" for 127.0.0.1 at 2014-09-26 01:39:05 +0200


Started GET "/users" for 127.0.0.1 at 2014-09-26 01:39:07 +0200
Processing by UsersController#index as HTML
  [1m[35mUser Load (0.3ms)[0m  SELECT "users".* FROM "users"
  Rendered users/index.html.erb within layouts/application (3.4ms)
Completed 200 OK in 91ms (Views: 87.4ms | ActiveRecord: 0.3ms)


Started GET "/users/new" for 127.0.0.1 at 2014-09-26 01:39:09 +0200
Processing by UsersController#new as HTML
  Rendered users/_form.html.erb (74.6ms)
  Rendered users/new.html.erb within layouts/application (78.3ms)
Completed 200 OK in 139ms (Views: 137.7ms | ActiveRecord: 0.4ms)


Started POST "/users" for 127.0.0.1 at 2014-09-26 01:39:11 +0200
Processing by UsersController#create as HTML
  Parameters: {"utf8"=>"✓", "authenticity_token"=>"TG7jzXId9yKOST/P9uh4ePTXgo8yrYd5UUNHGwQbNnQ=", "user"=>{"name"=>"", "nickname"=>""}, "commit"=>"Create User"}
  [1m[36m (1.6ms)[0m  [1mbegin transaction[0m
  [1m[35m (0.1ms)[0m  rollback transaction
  Rendered users/_form.html.erb (4.4ms)
  Rendered users/new.html.erb within layouts/application (6.0ms)
Completed 200 OK in 82ms (Views: 69.8ms | ActiveRecord: 1.7ms)


Started GET "/assets/home.css?body=1" for 127.0.0.1 at 2014-09-26 01:39:11 +0200


Started GET "/assets/posts.css?body=1" for 127.0.0.1 at 2014-09-26 01:39:11 +0200


Started GET "/assets/users.css?body=1" for 127.0.0.1 at 2014-09-26 01:39:11 +0200


Started GET "/assets/jquery.js?body=1" for 127.0.0.1 at 2014-09-26 01:39:11 +0200


Started GET "/assets/application.css?body=1" for 127.0.0.1 at 2014-09-26 01:39:11 +0200


Started GET "/assets/turbolinks.js?body=1" for 127.0.0.1 at 2014-09-26 01:39:11 +0200


Started GET "/assets/jquery_ujs.js?body=1" for 127.0.0.1 at 2014-09-26 01:39:11 +0200


Started GET "/assets/scaffolds.css?body=1" for 127.0.0.1 at 2014-09-26 01:39:11 +0200


Started GET "/assets/home.js?body=1" for 127.0.0.1 at 2014-09-26 01:39:11 +0200


Started GET "/assets/posts.js?body=1" for 127.0.0.1 at 2014-09-26 01:39:11 +0200


Started GET "/assets/users.js?body=1" for 127.0.0.1 at 2014-09-26 01:39:11 +0200


Started GET "/assets/application.js?body=1" for 127.0.0.1 at 2014-09-26 01:39:11 +0200
